RUN	videogamedb.simulations.RampUsersLoadSimulation	rampusersloadsimulation	1663093800019	test	3.8.3
USER	Ramp Load Users Test	START	1663093806390
USER	Ramp Load Users Test	START	1663093806460
USER	Ramp Load Users Test	START	1663093806559
REQUEST		Get all games	1663093806388	1663093806548	OK	 
REQUEST		Get all games	1663093806458	1663093806616	OK	 
REQUEST		Get a specific game	1663093806565	1663093806616	OK	 
USER	Ramp Load Users Test	END	1663093806624
USER	Ramp Load Users Test	START	1663093806659
REQUEST		Get a specific game	1663093806618	1663093806667	OK	 
USER	Ramp Load Users Test	END	1663093806668
REQUEST		Get all games	1663093806557	1663093806705	OK	 
REQUEST		Get a specific game	1663093806705	1663093806759	OK	 
USER	Ramp Load Users Test	START	1663093806760
USER	Ramp Load Users Test	END	1663093806760
REQUEST		Get all games	1663093806658	1663093806807	OK	 
USER	Ramp Load Users Test	START	1663093806859
REQUEST		Get a specific game	1663093806808	1663093806864	OK	 
USER	Ramp Load Users Test	END	1663093806865
REQUEST		Get all games	1663093806759	1663093806906	OK	 
REQUEST		Get a specific game	1663093806907	1663093806955	OK	 
USER	Ramp Load Users Test	END	1663093806957
USER	Ramp Load Users Test	START	1663093806960
REQUEST		Get all games	1663093806858	1663093807009	OK	 
USER	Ramp Load Users Test	START	1663093807061
REQUEST		Get a specific game	1663093807010	1663093807063	OK	 
USER	Ramp Load Users Test	END	1663093807065
REQUEST		Get all games	1663093806958	1663093807122	OK	 
USER	Ramp Load Users Test	START	1663093807160
REQUEST		Get a specific game	1663093807123	1663093807171	OK	 
USER	Ramp Load Users Test	END	1663093807173
REQUEST		Get all games	1663093807060	1663093807204	OK	 
REQUEST		Get a specific game	1663093807205	1663093807251	OK	 
USER	Ramp Load Users Test	END	1663093807252
USER	Ramp Load Users Test	START	1663093807261
REQUEST		Get all games	1663093807159	1663093807318	OK	 
USER	Ramp Load Users Test	START	1663093807361
REQUEST		Get a specific game	1663093807319	1663093807367	OK	 
USER	Ramp Load Users Test	END	1663093807368
REQUEST		Get all games	1663093807260	1663093807404	OK	 
REQUEST		Get a specific game	1663093807405	1663093807458	OK	 
USER	Ramp Load Users Test	START	1663093807459
USER	Ramp Load Users Test	END	1663093807460
REQUEST		Get all games	1663093807360	1663093807512	OK	 
USER	Ramp Load Users Test	START	1663093807558
REQUEST		Get a specific game	1663093807512	1663093807559	OK	 
USER	Ramp Load Users Test	END	1663093807560
REQUEST		Get all games	1663093807457	1663093807605	OK	 
REQUEST		Get a specific game	1663093807606	1663093807651	OK	 
USER	Ramp Load Users Test	END	1663093807652
USER	Ramp Load Users Test	START	1663093807659
REQUEST		Get all games	1663093807556	1663093807708	OK	 
USER	Ramp Load Users Test	START	1663093807759
REQUEST		Get a specific game	1663093807708	1663093807787	OK	 
USER	Ramp Load Users Test	END	1663093807789
REQUEST		Get all games	1663093807658	1663093807811	OK	 
USER	Ramp Load Users Test	START	1663093807859
REQUEST		Get a specific game	1663093807812	1663093807859	OK	 
USER	Ramp Load Users Test	END	1663093807860
REQUEST		Get all games	1663093807758	1663093807906	OK	 
REQUEST		Get a specific game	1663093807907	1663093807956	OK	 
USER	Ramp Load Users Test	START	1663093807958
USER	Ramp Load Users Test	END	1663093807959
REQUEST		Get all games	1663093807858	1663093808000	OK	 
REQUEST		Get a specific game	1663093808000	1663093808045	OK	 
USER	Ramp Load Users Test	END	1663093808046
USER	Ramp Load Users Test	START	1663093808059
REQUEST		Get all games	1663093807957	1663093808105	OK	 
REQUEST		Get a specific game	1663093808106	1663093808152	OK	 
USER	Ramp Load Users Test	END	1663093808154
USER	Ramp Load Users Test	START	1663093808158
REQUEST		Get all games	1663093808058	1663093808196	OK	 
REQUEST		Get a specific game	1663093808197	1663093808242	OK	 
USER	Ramp Load Users Test	END	1663093808243
USER	Ramp Load Users Test	START	1663093808258
REQUEST		Get all games	1663093808158	1663093808296	OK	 
REQUEST		Get a specific game	1663093808297	1663093808341	OK	 
USER	Ramp Load Users Test	END	1663093808343
USER	Ramp Load Users Test	START	1663093808359
REQUEST		Get all games	1663093808258	1663093808408	OK	 
REQUEST		Get a specific game	1663093808409	1663093808456	OK	 
USER	Ramp Load Users Test	START	1663093808457
USER	Ramp Load Users Test	END	1663093808458
REQUEST		Get all games	1663093808358	1663093808499	OK	 
REQUEST		Get a specific game	1663093808500	1663093808545	OK	 
USER	Ramp Load Users Test	END	1663093808547
USER	Ramp Load Users Test	START	1663093808556
REQUEST		Get all games	1663093808456	1663093808605	OK	 
REQUEST		Get a specific game	1663093808606	1663093808655	OK	 
USER	Ramp Load Users Test	END	1663093808656
USER	Ramp Load Users Test	START	1663093808656
REQUEST		Get all games	1663093808555	1663093808710	OK	 
USER	Ramp Load Users Test	START	1663093808757
REQUEST		Get a specific game	1663093808711	1663093808768	OK	 
USER	Ramp Load Users Test	END	1663093808770
REQUEST		Get all games	1663093808656	1663093808814	OK	 
USER	Ramp Load Users Test	START	1663093808857
REQUEST		Get a specific game	1663093808815	1663093808859	OK	 
USER	Ramp Load Users Test	END	1663093808860
REQUEST		Get all games	1663093808756	1663093808899	OK	 
REQUEST		Get a specific game	1663093808900	1663093808947	OK	 
USER	Ramp Load Users Test	END	1663093808948
USER	Ramp Load Users Test	START	1663093808956
REQUEST		Get all games	1663093808856	1663093808994	OK	 
REQUEST		Get a specific game	1663093808995	1663093809041	OK	 
USER	Ramp Load Users Test	END	1663093809042
USER	Ramp Load Users Test	START	1663093809057
REQUEST		Get all games	1663093808956	1663093809093	OK	 
REQUEST		Get a specific game	1663093809094	1663093809140	OK	 
USER	Ramp Load Users Test	END	1663093809141
USER	Ramp Load Users Test	START	1663093809157
REQUEST		Get all games	1663093809056	1663093809204	OK	 
REQUEST		Get a specific game	1663093809205	1663093809251	OK	 
USER	Ramp Load Users Test	END	1663093809252
USER	Ramp Load Users Test	START	1663093809257
REQUEST		Get all games	1663093809156	1663093809302	OK	 
REQUEST		Get a specific game	1663093809303	1663093809349	OK	 
USER	Ramp Load Users Test	END	1663093809351
USER	Ramp Load Users Test	START	1663093809358
REQUEST		Get all games	1663093809256	1663093809393	OK	 
REQUEST		Get a specific game	1663093809394	1663093809438	OK	 
USER	Ramp Load Users Test	END	1663093809440
USER	Ramp Load Users Test	START	1663093809457
REQUEST		Get all games	1663093809357	1663093809495	OK	 
REQUEST		Get a specific game	1663093809496	1663093809549	OK	 
USER	Ramp Load Users Test	END	1663093809551
USER	Ramp Load Users Test	START	1663093809559
REQUEST		Get all games	1663093809456	1663093809598	OK	 
REQUEST		Get a specific game	1663093809599	1663093809648	OK	 
USER	Ramp Load Users Test	END	1663093809650
USER	Ramp Load Users Test	START	1663093809658
REQUEST		Get all games	1663093809558	1663093809709	OK	 
REQUEST		Get a specific game	1663093809710	1663093809757	OK	 
USER	Ramp Load Users Test	START	1663093809757
USER	Ramp Load Users Test	END	1663093809758
REQUEST		Get all games	1663093809658	1663093809797	OK	 
REQUEST		Get a specific game	1663093809798	1663093809842	OK	 
USER	Ramp Load Users Test	END	1663093809843
USER	Ramp Load Users Test	START	1663093809858
REQUEST		Get all games	1663093809756	1663093809902	OK	 
REQUEST		Get a specific game	1663093809903	1663093809952	OK	 
USER	Ramp Load Users Test	END	1663093809953
USER	Ramp Load Users Test	START	1663093809958
REQUEST		Get all games	1663093809857	1663093810005	OK	 
REQUEST		Get a specific game	1663093810006	1663093810051	OK	 
USER	Ramp Load Users Test	END	1663093810053
USER	Ramp Load Users Test	START	1663093810059
REQUEST		Get all games	1663093809957	1663093810120	OK	 
USER	Ramp Load Users Test	START	1663093810157
REQUEST		Get a specific game	1663093810121	1663093810168	OK	 
USER	Ramp Load Users Test	END	1663093810169
REQUEST		Get all games	1663093810058	1663093810196	OK	 
REQUEST		Get a specific game	1663093810197	1663093810242	OK	 
USER	Ramp Load Users Test	END	1663093810243
USER	Ramp Load Users Test	START	1663093810259
REQUEST		Get all games	1663093810156	1663093810293	OK	 
REQUEST		Get a specific game	1663093810294	1663093810341	OK	 
USER	Ramp Load Users Test	END	1663093810342
USER	Ramp Load Users Test	START	1663093810359
REQUEST		Get all games	1663093810258	1663093810396	OK	 
REQUEST		Get a specific game	1663093810398	1663093810443	OK	 
USER	Ramp Load Users Test	END	1663093810445
USER	Ramp Load Users Test	START	1663093810457
REQUEST		Get all games	1663093810358	1663093810507	OK	 
USER	Ramp Load Users Test	START	1663093810558
REQUEST		Get a specific game	1663093810507	1663093810560	OK	 
USER	Ramp Load Users Test	END	1663093810561
REQUEST		Get all games	1663093810456	1663093810609	OK	 
REQUEST		Get a specific game	1663093810609	1663093810656	OK	 
USER	Ramp Load Users Test	END	1663093810659
USER	Ramp Load Users Test	START	1663093810659
REQUEST		Get all games	1663093810556	1663093810712	OK	 
USER	Ramp Load Users Test	START	1663093810757
REQUEST		Get a specific game	1663093810713	1663093810759	OK	 
USER	Ramp Load Users Test	END	1663093810761
REQUEST		Get all games	1663093810658	1663093810800	OK	 
REQUEST		Get a specific game	1663093810801	1663093810847	OK	 
USER	Ramp Load Users Test	END	1663093810849
USER	Ramp Load Users Test	START	1663093810859
REQUEST		Get all games	1663093810756	1663093810899	OK	 
REQUEST		Get a specific game	1663093810899	1663093810943	OK	 
USER	Ramp Load Users Test	END	1663093810945
USER	Ramp Load Users Test	START	1663093810958
REQUEST		Get all games	1663093810858	1663093811007	OK	 
USER	Ramp Load Users Test	START	1663093811058
REQUEST		Get a specific game	1663093811008	1663093811058	OK	 
USER	Ramp Load Users Test	END	1663093811059
REQUEST		Get all games	1663093810957	1663093811110	OK	 
USER	Ramp Load Users Test	START	1663093811158
REQUEST		Get a specific game	1663093811111	1663093811160	OK	 
USER	Ramp Load Users Test	END	1663093811161
REQUEST		Get all games	1663093811057	1663093811207	OK	 
REQUEST		Get a specific game	1663093811207	1663093811255	OK	 
USER	Ramp Load Users Test	END	1663093811256
USER	Ramp Load Users Test	START	1663093811258
REQUEST		Get all games	1663093811157	1663093811308	OK	 
REQUEST		Get a specific game	1663093811309	1663093811356	OK	 
USER	Ramp Load Users Test	END	1663093811357
USER	Ramp Load Users Test	START	1663093811357
REQUEST		Get all games	1663093811257	1663093811410	OK	 
USER	Ramp Load Users Test	START	1663093811457
REQUEST		Get a specific game	1663093811411	1663093811458	OK	 
USER	Ramp Load Users Test	END	1663093811460
REQUEST		Get all games	1663093811356	1663093811504	OK	 
REQUEST		Get a specific game	1663093811505	1663093811554	OK	 
USER	Ramp Load Users Test	END	1663093811556
USER	Ramp Load Users Test	START	1663093811557
REQUEST		Get all games	1663093811456	1663093811609	OK	 
USER	Ramp Load Users Test	START	1663093811660
REQUEST		Get a specific game	1663093811612	1663093811662	OK	 
USER	Ramp Load Users Test	END	1663093811668
REQUEST		Get all games	1663093811556	1663093811754	OK	 
USER	Ramp Load Users Test	START	1663093811757
REQUEST		Get all games	1663093811656	1663093811799	OK	 
REQUEST		Get a specific game	1663093811755	1663093811803	OK	 
USER	Ramp Load Users Test	END	1663093811804
REQUEST		Get a specific game	1663093811800	1663093811844	OK	 
USER	Ramp Load Users Test	END	1663093811846
USER	Ramp Load Users Test	START	1663093811858
REQUEST		Get all games	1663093811756	1663093811905	OK	 
REQUEST		Get a specific game	1663093811906	1663093811954	OK	 
USER	Ramp Load Users Test	END	1663093811955
USER	Ramp Load Users Test	START	1663093811957
REQUEST		Get all games	1663093811856	1663093811998	OK	 
REQUEST		Get a specific game	1663093811999	1663093812050	OK	 
USER	Ramp Load Users Test	END	1663093812051
USER	Ramp Load Users Test	START	1663093812058
REQUEST		Get all games	1663093811956	1663093812103	OK	 
REQUEST		Get a specific game	1663093812103	1663093812148	OK	 
USER	Ramp Load Users Test	END	1663093812149
USER	Ramp Load Users Test	START	1663093812157
REQUEST		Get all games	1663093812057	1663093812195	OK	 
REQUEST		Get a specific game	1663093812196	1663093812240	OK	 
USER	Ramp Load Users Test	END	1663093812241
USER	Ramp Load Users Test	START	1663093812258
REQUEST		Get all games	1663093812156	1663093812300	OK	 
USER	Ramp Load Users Test	START	1663093812358
REQUEST		Get a specific game	1663093812300	1663093812393	OK	 
USER	Ramp Load Users Test	END	1663093812395
REQUEST		Get all games	1663093812257	1663093812453	OK	 
USER	Ramp Load Users Test	START	1663093812457
REQUEST		Get all games	1663093812357	1663093812501	OK	 
REQUEST		Get a specific game	1663093812454	1663093812504	OK	 
USER	Ramp Load Users Test	END	1663093812505
REQUEST		Get a specific game	1663093812502	1663093812557	OK	 
USER	Ramp Load Users Test	START	1663093812558
USER	Ramp Load Users Test	END	1663093812559
REQUEST		Get all games	1663093812456	1663093812607	OK	 
REQUEST		Get a specific game	1663093812608	1663093812657	OK	 
USER	Ramp Load Users Test	START	1663093812659
USER	Ramp Load Users Test	END	1663093812659
REQUEST		Get all games	1663093812557	1663093812708	OK	 
REQUEST		Get a specific game	1663093812709	1663093812756	OK	 
USER	Ramp Load Users Test	END	1663093812757
USER	Ramp Load Users Test	START	1663093812758
REQUEST		Get all games	1663093812657	1663093812800	OK	 
REQUEST		Get a specific game	1663093812801	1663093812846	OK	 
USER	Ramp Load Users Test	END	1663093812847
USER	Ramp Load Users Test	START	1663093812858
REQUEST		Get all games	1663093812757	1663093812906	OK	 
REQUEST		Get a specific game	1663093812906	1663093812955	OK	 
USER	Ramp Load Users Test	END	1663093812957
USER	Ramp Load Users Test	START	1663093812958
REQUEST		Get all games	1663093812857	1663093813004	OK	 
REQUEST		Get a specific game	1663093813005	1663093813051	OK	 
USER	Ramp Load Users Test	END	1663093813052
USER	Ramp Load Users Test	START	1663093813059
REQUEST		Get all games	1663093812957	1663093813110	OK	 
USER	Ramp Load Users Test	START	1663093813158
REQUEST		Get a specific game	1663093813111	1663093813160	OK	 
USER	Ramp Load Users Test	END	1663093813162
REQUEST		Get all games	1663093813058	1663093813212	OK	 
USER	Ramp Load Users Test	START	1663093813258
REQUEST		Get a specific game	1663093813213	1663093813259	OK	 
USER	Ramp Load Users Test	END	1663093813260
REQUEST		Get all games	1663093813158	1663093813311	OK	 
USER	Ramp Load Users Test	START	1663093813359
REQUEST		Get a specific game	1663093813312	1663093813359	OK	 
USER	Ramp Load Users Test	END	1663093813360
REQUEST		Get all games	1663093813257	1663093813411	OK	 
USER	Ramp Load Users Test	START	1663093813457
REQUEST		Get a specific game	1663093813412	1663093813462	OK	 
USER	Ramp Load Users Test	END	1663093813463
REQUEST		Get all games	1663093813358	1663093813515	OK	 
USER	Ramp Load Users Test	START	1663093813557
REQUEST		Get a specific game	1663093813516	1663093813563	OK	 
USER	Ramp Load Users Test	END	1663093813564
REQUEST		Get all games	1663093813456	1663093813603	OK	 
REQUEST		Get a specific game	1663093813604	1663093813653	OK	 
USER	Ramp Load Users Test	END	1663093813655
USER	Ramp Load Users Test	START	1663093813656
REQUEST		Get all games	1663093813556	1663093813703	OK	 
REQUEST		Get a specific game	1663093813704	1663093813756	OK	 
USER	Ramp Load Users Test	START	1663093813757
USER	Ramp Load Users Test	END	1663093813757
REQUEST		Get all games	1663093813656	1663093813810	OK	 
USER	Ramp Load Users Test	START	1663093813856
REQUEST		Get a specific game	1663093813811	1663093813858	OK	 
USER	Ramp Load Users Test	END	1663093813858
REQUEST		Get all games	1663093813756	1663093813895	OK	 
REQUEST		Get a specific game	1663093813895	1663093813939	OK	 
USER	Ramp Load Users Test	END	1663093813941
USER	Ramp Load Users Test	START	1663093813957
REQUEST		Get all games	1663093813855	1663093813999	OK	 
REQUEST		Get a specific game	1663093813999	1663093814046	OK	 
USER	Ramp Load Users Test	END	1663093814048
USER	Ramp Load Users Test	START	1663093814056
REQUEST		Get all games	1663093813956	1663093814099	OK	 
REQUEST		Get a specific game	1663093814100	1663093814150	OK	 
USER	Ramp Load Users Test	END	1663093814151
USER	Ramp Load Users Test	START	1663093814159
REQUEST		Get all games	1663093814055	1663093814200	OK	 
REQUEST		Get a specific game	1663093814201	1663093814244	OK	 
USER	Ramp Load Users Test	END	1663093814245
USER	Ramp Load Users Test	START	1663093814258
REQUEST		Get all games	1663093814158	1663093814302	OK	 
REQUEST		Get a specific game	1663093814303	1663093814353	OK	 
USER	Ramp Load Users Test	END	1663093814354
USER	Ramp Load Users Test	START	1663093814358
REQUEST		Get all games	1663093814257	1663093814397	OK	 
REQUEST		Get a specific game	1663093814398	1663093814443	OK	 
USER	Ramp Load Users Test	END	1663093814444
USER	Ramp Load Users Test	START	1663093814456
REQUEST		Get all games	1663093814357	1663093814497	OK	 
REQUEST		Get a specific game	1663093814498	1663093814551	OK	 
USER	Ramp Load Users Test	END	1663093814553
USER	Ramp Load Users Test	START	1663093814557
REQUEST		Get all games	1663093814455	1663093814594	OK	 
REQUEST		Get a specific game	1663093814595	1663093814644	OK	 
USER	Ramp Load Users Test	END	1663093814645
USER	Ramp Load Users Test	START	1663093814656
REQUEST		Get all games	1663093814556	1663093814692	OK	 
REQUEST		Get a specific game	1663093814693	1663093814738	OK	 
USER	Ramp Load Users Test	END	1663093814739
USER	Ramp Load Users Test	START	1663093814757
REQUEST		Get all games	1663093814655	1663093814831	OK	 
USER	Ramp Load Users Test	START	1663093814856
REQUEST		Get a specific game	1663093814832	1663093814879	OK	 
USER	Ramp Load Users Test	END	1663093814880
REQUEST		Get all games	1663093814756	1663093814901	OK	 
REQUEST		Get a specific game	1663093814901	1663093814949	OK	 
USER	Ramp Load Users Test	END	1663093814950
USER	Ramp Load Users Test	START	1663093814956
REQUEST		Get all games	1663093814855	1663093815001	OK	 
REQUEST		Get a specific game	1663093815001	1663093815052	OK	 
USER	Ramp Load Users Test	END	1663093815053
USER	Ramp Load Users Test	START	1663093815057
REQUEST		Get all games	1663093814956	1663093815102	OK	 
REQUEST		Get a specific game	1663093815102	1663093815146	OK	 
USER	Ramp Load Users Test	END	1663093815148
USER	Ramp Load Users Test	START	1663093815157
REQUEST		Get all games	1663093815056	1663093815202	OK	 
REQUEST		Get a specific game	1663093815203	1663093815247	OK	 
USER	Ramp Load Users Test	END	1663093815248
USER	Ramp Load Users Test	START	1663093815257
REQUEST		Get all games	1663093815156	1663093815311	OK	 
USER	Ramp Load Users Test	START	1663093815358
REQUEST		Get a specific game	1663093815311	1663093815359	OK	 
USER	Ramp Load Users Test	END	1663093815359
REQUEST		Get all games	1663093815257	1663093815431	OK	 
USER	Ramp Load Users Test	START	1663093815456
REQUEST		Get a specific game	1663093815431	1663093815478	OK	 
USER	Ramp Load Users Test	END	1663093815480
REQUEST		Get all games	1663093815357	1663093815492	OK	 
REQUEST		Get a specific game	1663093815493	1663093815539	OK	 
USER	Ramp Load Users Test	END	1663093815540
USER	Ramp Load Users Test	START	1663093815556
REQUEST		Get all games	1663093815455	1663093815590	OK	 
REQUEST		Get a specific game	1663093815591	1663093815636	OK	 
USER	Ramp Load Users Test	END	1663093815638
USER	Ramp Load Users Test	START	1663093815658
REQUEST		Get all games	1663093815555	1663093815690	OK	 
REQUEST		Get a specific game	1663093815690	1663093815735	OK	 
USER	Ramp Load Users Test	END	1663093815736
USER	Ramp Load Users Test	START	1663093815757
REQUEST		Get all games	1663093815656	1663093815792	OK	 
REQUEST		Get a specific game	1663093815793	1663093815838	OK	 
USER	Ramp Load Users Test	END	1663093815839
USER	Ramp Load Users Test	START	1663093815857
REQUEST		Get all games	1663093815756	1663093815902	OK	 
REQUEST		Get a specific game	1663093815903	1663093815950	OK	 
USER	Ramp Load Users Test	END	1663093815952
USER	Ramp Load Users Test	START	1663093815958
REQUEST		Get all games	1663093815856	1663093816003	OK	 
REQUEST		Get a specific game	1663093816004	1663093816048	OK	 
USER	Ramp Load Users Test	END	1663093816049
USER	Ramp Load Users Test	START	1663093816058
REQUEST		Get all games	1663093815957	1663093816095	OK	 
REQUEST		Get a specific game	1663093816096	1663093816139	OK	 
USER	Ramp Load Users Test	END	1663093816140
USER	Ramp Load Users Test	START	1663093816158
REQUEST		Get all games	1663093816058	1663093816204	OK	 
REQUEST		Get a specific game	1663093816204	1663093816251	OK	 
USER	Ramp Load Users Test	END	1663093816254
USER	Ramp Load Users Test	START	1663093816258
REQUEST		Get all games	1663093816157	1663093816304	OK	 
USER	Ramp Load Users Test	START	1663093816359
REQUEST		Get a specific game	1663093816305	1663093816360	OK	 
USER	Ramp Load Users Test	END	1663093816361
REQUEST		Get all games	1663093816257	1663093816410	OK	 
REQUEST		Get a specific game	1663093816410	1663093816463	OK	 
USER	Ramp Load Users Test	END	1663093816464
REQUEST		Get all games	1663093816358	1663093816508	OK	 
REQUEST		Get a specific game	1663093816509	1663093816554	OK	 
USER	Ramp Load Users Test	END	1663093816555
USER	Ramp Load Users Test	START	1663093817357
REQUEST		Get all games	1663093817356	1663093817498	OK	 
REQUEST		Get a specific game	1663093817499	1663093817543	OK	 
USER	Ramp Load Users Test	END	1663093817544
USER	Ramp Load Users Test	START	1663093818357
REQUEST		Get all games	1663093818357	1663093818502	OK	 
REQUEST		Get a specific game	1663093818503	1663093818575	OK	 
USER	Ramp Load Users Test	END	1663093818577
USER	Ramp Load Users Test	START	1663093819357
REQUEST		Get all games	1663093819356	1663093819497	OK	 
REQUEST		Get a specific game	1663093819498	1663093819542	OK	 
USER	Ramp Load Users Test	END	1663093819544
USER	Ramp Load Users Test	START	1663093819857
REQUEST		Get all games	1663093819856	1663093819998	OK	 
REQUEST		Get a specific game	1663093819998	1663093820042	OK	 
USER	Ramp Load Users Test	END	1663093820043
USER	Ramp Load Users Test	START	1663093820358
REQUEST		Get all games	1663093820357	1663093820495	OK	 
REQUEST		Get a specific game	1663093820496	1663093820541	OK	 
USER	Ramp Load Users Test	END	1663093820543
USER	Ramp Load Users Test	START	1663093820858
REQUEST		Get all games	1663093820857	1663093821008	OK	 
REQUEST		Get a specific game	1663093821009	1663093821053	OK	 
USER	Ramp Load Users Test	END	1663093821055
USER	Ramp Load Users Test	START	1663093821358
REQUEST		Get all games	1663093821357	1663093821502	OK	 
REQUEST		Get a specific game	1663093821503	1663093821551	OK	 
USER	Ramp Load Users Test	END	1663093821552
USER	Ramp Load Users Test	START	1663093821856
REQUEST		Get all games	1663093821855	1663093822003	OK	 
REQUEST		Get a specific game	1663093822003	1663093822047	OK	 
USER	Ramp Load Users Test	END	1663093822048
USER	Ramp Load Users Test	START	1663093822357
REQUEST		Get all games	1663093822356	1663093822498	OK	 
REQUEST		Get a specific game	1663093822499	1663093822542	OK	 
USER	Ramp Load Users Test	END	1663093822544
USER	Ramp Load Users Test	START	1663093822858
REQUEST		Get all games	1663093822857	1663093823009	OK	 
REQUEST		Get a specific game	1663093823010	1663093823057	OK	 
USER	Ramp Load Users Test	END	1663093823059
USER	Ramp Load Users Test	START	1663093823357
REQUEST		Get all games	1663093823356	1663093823494	OK	 
REQUEST		Get a specific game	1663093823495	1663093823538	OK	 
USER	Ramp Load Users Test	END	1663093823539
USER	Ramp Load Users Test	START	1663093823691
REQUEST		Get all games	1663093823690	1663093823828	OK	 
REQUEST		Get a specific game	1663093823829	1663093823872	OK	 
USER	Ramp Load Users Test	END	1663093823874
USER	Ramp Load Users Test	START	1663093824024
REQUEST		Get all games	1663093824023	1663093824163	OK	 
REQUEST		Get a specific game	1663093824164	1663093824208	OK	 
USER	Ramp Load Users Test	END	1663093824209
USER	Ramp Load Users Test	START	1663093824359
REQUEST		Get all games	1663093824357	1663093824493	OK	 
REQUEST		Get a specific game	1663093824493	1663093824537	OK	 
USER	Ramp Load Users Test	END	1663093824539
USER	Ramp Load Users Test	START	1663093824689
REQUEST		Get all games	1663093824688	1663093824845	OK	 
REQUEST		Get a specific game	1663093824846	1663093824923	OK	 
USER	Ramp Load Users Test	END	1663093824925
USER	Ramp Load Users Test	START	1663093825023
REQUEST		Get all games	1663093825022	1663093825167	OK	 
REQUEST		Get a specific game	1663093825168	1663093825215	OK	 
USER	Ramp Load Users Test	END	1663093825216
USER	Ramp Load Users Test	START	1663093825357
REQUEST		Get all games	1663093825356	1663093825491	OK	 
REQUEST		Get a specific game	1663093825492	1663093825582	OK	 
USER	Ramp Load Users Test	END	1663093825584
USER	Ramp Load Users Test	START	1663093825690
REQUEST		Get all games	1663093825689	1663093825825	OK	 
REQUEST		Get a specific game	1663093825826	1663093825870	OK	 
USER	Ramp Load Users Test	END	1663093825871
USER	Ramp Load Users Test	START	1663093826023
REQUEST		Get all games	1663093826022	1663093826169	OK	 
REQUEST		Get a specific game	1663093826170	1663093826229	OK	 
USER	Ramp Load Users Test	END	1663093826231
USER	Ramp Load Users Test	START	1663093826357
REQUEST		Get all games	1663093826356	1663093826492	OK	 
REQUEST		Get a specific game	1663093826493	1663093826537	OK	 
USER	Ramp Load Users Test	END	1663093826539
USER	Ramp Load Users Test	START	1663093826689
REQUEST		Get all games	1663093826689	1663093826836	OK	 
REQUEST		Get a specific game	1663093826837	1663093826884	OK	 
USER	Ramp Load Users Test	END	1663093826886
USER	Ramp Load Users Test	START	1663093827023
REQUEST		Get all games	1663093827022	1663093827167	OK	 
REQUEST		Get a specific game	1663093827168	1663093827214	OK	 
USER	Ramp Load Users Test	END	1663093827216
USER	Ramp Load Users Test	START	1663093827358
REQUEST		Get all games	1663093827357	1663093827495	OK	 
REQUEST		Get a specific game	1663093827496	1663093827544	OK	 
USER	Ramp Load Users Test	END	1663093827545
USER	Ramp Load Users Test	START	1663093827690
REQUEST		Get all games	1663093827689	1663093827824	OK	 
REQUEST		Get a specific game	1663093827824	1663093827868	OK	 
USER	Ramp Load Users Test	END	1663093827869
USER	Ramp Load Users Test	START	1663093828024
REQUEST		Get all games	1663093828023	1663093828168	OK	 
REQUEST		Get a specific game	1663093828169	1663093828216	OK	 
USER	Ramp Load Users Test	END	1663093828218
USER	Ramp Load Users Test	START	1663093828358
REQUEST		Get all games	1663093828357	1663093828496	OK	 
REQUEST		Get a specific game	1663093828497	1663093828541	OK	 
USER	Ramp Load Users Test	END	1663093828543
USER	Ramp Load Users Test	START	1663093828690
REQUEST		Get all games	1663093828690	1663093828826	OK	 
REQUEST		Get a specific game	1663093828827	1663093828871	OK	 
USER	Ramp Load Users Test	END	1663093828873
USER	Ramp Load Users Test	START	1663093829023
REQUEST		Get all games	1663093829022	1663093829169	OK	 
REQUEST		Get a specific game	1663093829170	1663093829217	OK	 
USER	Ramp Load Users Test	END	1663093829219
USER	Ramp Load Users Test	START	1663093829358
REQUEST		Get all games	1663093829356	1663093829505	OK	 
REQUEST		Get a specific game	1663093829505	1663093829553	OK	 
USER	Ramp Load Users Test	END	1663093829554
USER	Ramp Load Users Test	START	1663093829608
REQUEST		Get all games	1663093829607	1663093829777	OK	 
REQUEST		Get a specific game	1663093829778	1663093829825	OK	 
USER	Ramp Load Users Test	END	1663093829826
USER	Ramp Load Users Test	START	1663093829858
REQUEST		Get all games	1663093829857	1663093830001	OK	 
REQUEST		Get a specific game	1663093830002	1663093830048	OK	 
USER	Ramp Load Users Test	END	1663093830049
USER	Ramp Load Users Test	START	1663093830109
REQUEST		Get all games	1663093830108	1663093830249	OK	 
REQUEST		Get a specific game	1663093830250	1663093830294	OK	 
USER	Ramp Load Users Test	END	1663093830295
USER	Ramp Load Users Test	START	1663093830358
REQUEST		Get all games	1663093830357	1663093830493	OK	 
REQUEST		Get a specific game	1663093830493	1663093830538	OK	 
USER	Ramp Load Users Test	END	1663093830539
USER	Ramp Load Users Test	START	1663093830607
REQUEST		Get all games	1663093830606	1663093830750	OK	 
REQUEST		Get a specific game	1663093830751	1663093830797	OK	 
USER	Ramp Load Users Test	END	1663093830798
USER	Ramp Load Users Test	START	1663093830858
REQUEST		Get all games	1663093830857	1663093830996	OK	 
REQUEST		Get a specific game	1663093830997	1663093831040	OK	 
USER	Ramp Load Users Test	END	1663093831041
USER	Ramp Load Users Test	START	1663093831106
REQUEST		Get all games	1663093831106	1663093831242	OK	 
REQUEST		Get a specific game	1663093831243	1663093831287	OK	 
USER	Ramp Load Users Test	END	1663093831288
USER	Ramp Load Users Test	START	1663093831359
REQUEST		Get all games	1663093831357	1663093831504	OK	 
REQUEST		Get a specific game	1663093831505	1663093831555	OK	 
USER	Ramp Load Users Test	END	1663093831556
USER	Ramp Load Users Test	START	1663093831608
REQUEST		Get all games	1663093831607	1663093831755	OK	 
REQUEST		Get a specific game	1663093831756	1663093831805	OK	 
USER	Ramp Load Users Test	END	1663093831806
USER	Ramp Load Users Test	START	1663093831858
REQUEST		Get all games	1663093831857	1663093832010	OK	 
REQUEST		Get a specific game	1663093832011	1663093832061	OK	 
USER	Ramp Load Users Test	END	1663093832063
USER	Ramp Load Users Test	START	1663093832108
REQUEST		Get all games	1663093832107	1663093832259	OK	 
REQUEST		Get a specific game	1663093832259	1663093832306	OK	 
USER	Ramp Load Users Test	END	1663093832308
USER	Ramp Load Users Test	START	1663093832358
REQUEST		Get all games	1663093832357	1663093832495	OK	 
REQUEST		Get a specific game	1663093832496	1663093832540	OK	 
USER	Ramp Load Users Test	END	1663093832541
USER	Ramp Load Users Test	START	1663093832607
REQUEST		Get all games	1663093832606	1663093832743	OK	 
REQUEST		Get a specific game	1663093832744	1663093832792	OK	 
USER	Ramp Load Users Test	END	1663093832793
USER	Ramp Load Users Test	START	1663093832857
USER	Ramp Load Users Test	START	1663093833107
REQUEST		Get all games	1663093832856	1663093833164	OK	 
REQUEST		Get a specific game	1663093833165	1663093833211	OK	 
USER	Ramp Load Users Test	END	1663093833212
REQUEST		Get all games	1663093833107	1663093833264	OK	 
REQUEST		Get a specific game	1663093833265	1663093833312	OK	 
USER	Ramp Load Users Test	END	1663093833313
USER	Ramp Load Users Test	START	1663093833358
REQUEST		Get all games	1663093833357	1663093833507	OK	 
REQUEST		Get a specific game	1663093833507	1663093833551	OK	 
USER	Ramp Load Users Test	END	1663093833552
USER	Ramp Load Users Test	START	1663093833557
REQUEST		Get all games	1663093833557	1663093833719	OK	 
USER	Ramp Load Users Test	START	1663093833758
REQUEST		Get a specific game	1663093833719	1663093833763	OK	 
USER	Ramp Load Users Test	END	1663093833764
REQUEST		Get all games	1663093833757	1663093833893	OK	 
REQUEST		Get a specific game	1663093833893	1663093833937	OK	 
USER	Ramp Load Users Test	END	1663093833939
USER	Ramp Load Users Test	START	1663093833958
REQUEST		Get all games	1663093833957	1663093834110	OK	 
REQUEST		Get a specific game	1663093834111	1663093834158	OK	 
USER	Ramp Load Users Test	START	1663093834159
USER	Ramp Load Users Test	END	1663093834159
REQUEST		Get all games	1663093834158	1663093834311	OK	 
USER	Ramp Load Users Test	START	1663093834358
REQUEST		Get a specific game	1663093834312	1663093834361	OK	 
USER	Ramp Load Users Test	END	1663093834362
REQUEST		Get all games	1663093834357	1663093834496	OK	 
REQUEST		Get a specific game	1663093834497	1663093834540	OK	 
USER	Ramp Load Users Test	END	1663093834541
USER	Ramp Load Users Test	START	1663093834556
REQUEST		Get all games	1663093834555	1663093834691	OK	 
REQUEST		Get a specific game	1663093834692	1663093834737	OK	 
USER	Ramp Load Users Test	END	1663093834738
USER	Ramp Load Users Test	START	1663093834756
REQUEST		Get all games	1663093834755	1663093834893	OK	 
REQUEST		Get a specific game	1663093834893	1663093834937	OK	 
USER	Ramp Load Users Test	END	1663093834939
USER	Ramp Load Users Test	START	1663093834956
REQUEST		Get all games	1663093834955	1663093835098	OK	 
REQUEST		Get a specific game	1663093835098	1663093835144	OK	 
USER	Ramp Load Users Test	END	1663093835145
USER	Ramp Load Users Test	START	1663093835158
REQUEST		Get all games	1663093835157	1663093835300	OK	 
REQUEST		Get a specific game	1663093835301	1663093835348	OK	 
USER	Ramp Load Users Test	END	1663093835349
USER	Ramp Load Users Test	START	1663093835357
REQUEST		Get all games	1663093835356	1663093835494	OK	 
USER	Ramp Load Users Test	START	1663093835557
REQUEST		Get a specific game	1663093835495	1663093835570	OK	 
USER	Ramp Load Users Test	END	1663093835571
REQUEST		Get all games	1663093835556	1663093835699	OK	 
USER	Ramp Load Users Test	START	1663093835757
REQUEST		Get a specific game	1663093835700	1663093835775	OK	 
USER	Ramp Load Users Test	END	1663093835777
REQUEST		Get all games	1663093835756	1663093835891	OK	 
REQUEST		Get a specific game	1663093835891	1663093835935	OK	 
USER	Ramp Load Users Test	END	1663093835937
USER	Ramp Load Users Test	START	1663093835958
REQUEST		Get all games	1663093835957	1663093836098	OK	 
REQUEST		Get a specific game	1663093836099	1663093836144	OK	 
USER	Ramp Load Users Test	END	1663093836145
USER	Ramp Load Users Test	START	1663093836159
REQUEST		Get all games	1663093836158	1663093836312	OK	 
REQUEST		Get a specific game	1663093836313	1663093836363	OK	 
USER	Ramp Load Users Test	END	1663093836364
