RUN	computerdatabase.ComputerDatabaseSimulation	computerdatabasesimulation	1662650263318	test	3.8.3
USER	Users	START	1662650264980
USER	Admins	START	1662650264980
REQUEST		Home	1662650264977	1662650265719	OK	 
REQUEST		Home	1662650264977	1662650265719	OK	 
REQUEST		Home Redirect 1	1662650265730	1662650265917	OK	 
REQUEST		Home Redirect 1	1662650265730	1662650265917	OK	 
USER	Users	START	1662650265942
REQUEST		Home	1662650265941	1662650266678	OK	 
REQUEST		Home Redirect 1	1662650266678	1662650266860	OK	 
USER	Users	START	1662650266943
REQUEST		Search	1662650266939	1662650267124	OK	 
REQUEST		Search	1662650266939	1662650267123	OK	 
REQUEST		Home	1662650266942	1662650267702	OK	 
REQUEST		Home Redirect 1	1662650267702	1662650267892	OK	 
USER	Users	START	1662650267939
REQUEST		Search	1662650267864	1662650268047	OK	 
REQUEST		Select	1662650268204	1662650268389	OK	 
REQUEST		Select	1662650268204	1662650268389	OK	 
REQUEST		Home	1662650267938	1662650268698	OK	 
REQUEST		Home Redirect 1	1662650268698	1662650268887	OK	 
USER	Users	START	1662650268939
REQUEST		Search	1662650268896	1662650269086	OK	 
REQUEST		Select	1662650269054	1662650269237	OK	 
REQUEST		Page 0	1662650269399	1662650269585	OK	 
REQUEST		Page 0	1662650269399	1662650269585	OK	 
REQUEST		Home	1662650268937	1662650269697	OK	 
REQUEST		Home Redirect 1	1662650269698	1662650269887	OK	 
USER	Admins	START	1662650269939
USER	Users	START	1662650269939
REQUEST		Search	1662650269889	1662650270077	OK	 
REQUEST		Select	1662650270090	1662650270279	OK	 
REQUEST		Page 0	1662650270240	1662650270423	OK	 
REQUEST		Home	1662650269938	1662650270703	OK	 
REQUEST		Home	1662650269938	1662650270704	OK	 
REQUEST		Page 1	1662650270590	1662650270776	OK	 
REQUEST		Page 1	1662650270590	1662650270776	OK	 
REQUEST		Home Redirect 1	1662650270704	1662650270896	OK	 
REQUEST		Home Redirect 1	1662650270704	1662650270896	OK	 
USER	Users	START	1662650270940
REQUEST		Search	1662650270891	1662650271087	OK	 
REQUEST		Select	1662650271083	1662650271273	OK	 
REQUEST		Page 0	1662650271282	1662650271472	OK	 
REQUEST		Page 1	1662650271426	1662650271608	OK	 
REQUEST		Home	1662650270939	1662650271675	OK	 
REQUEST		Home Redirect 1	1662650271676	1662650271860	OK	 
USER	Users	START	1662650271939
REQUEST		Page 2	1662650271780	1662650271965	OK	 
REQUEST		Page 2	1662650271780	1662650271965	OK	 
REQUEST		Search	1662650271899	1662650272089	OK	 
REQUEST		Search	1662650271899	1662650272091	OK	 
REQUEST		Select	1662650272091	1662650272279	OK	 
REQUEST		Page 0	1662650272276	1662650272466	OK	 
REQUEST		Page 1	1662650272475	1662650272665	OK	 
REQUEST		Home	1662650271938	1662650272681	OK	 
REQUEST		Page 2	1662650272611	1662650272795	OK	 
REQUEST		Home Redirect 1	1662650272681	1662650272883	OK	 
USER	Users	START	1662650272939
REQUEST		Search	1662650272863	1662650273048	OK	 
REQUEST		Page 3	1662650272968	1662650273155	OK	 
REQUEST		Page 3	1662650272968	1662650273155	OK	 
REQUEST		Select	1662650273095	1662650273285	OK	 
REQUEST		Select	1662650273095	1662650273290	OK	 
REQUEST		Page 0	1662650273282	1662650273471	OK	 
REQUEST		Page 1	1662650273469	1662650273660	OK	 
REQUEST		Home	1662650272938	1662650273677	OK	 
REQUEST		Page 2	1662650273668	1662650273857	OK	 
REQUEST		Home Redirect 1	1662650273678	1662650273862	OK	 
USER	Users	START	1662650273940
REQUEST		Page 3	1662650273797	1662650273980	OK	 
REQUEST		Search	1662650273886	1662650274071	OK	 
USER	Users	END	1662650274160
REQUEST		Select	1662650274053	1662650274237	OK	 
REQUEST		Form	1662650274158	1662650274343	OK	 
REQUEST		Page 0	1662650274288	1662650274478	OK	 
REQUEST		Page 0	1662650274293	1662650274484	OK	 
REQUEST		Page 1	1662650274473	1662650274663	OK	 
REQUEST		Home	1662650273939	1662650274678	OK	 
REQUEST		Page 2	1662650274663	1662650274851	OK	 
REQUEST		Home Redirect 1	1662650274678	1662650274861	OK	 
USER	Users	END	1662650274984
REQUEST		Search	1662650274864	1662650275049	OK	 
REQUEST		Page 3	1662650274860	1662650275053	OK	 
REQUEST		Page 0	1662650275240	1662650275424	OK	 
REQUEST		Post	1662650275351	1662650275536	OK	 
REQUEST		Page 1	1662650275480	1662650275670	OK	 
REQUEST		Page 1	1662650275487	1662650275677	OK	 
REQUEST		Select	1662650275075	1662650275728	OK	 
REQUEST		Post Redirect 1	1662650275548	1662650275731	OK	 
USER	Admins	END	1662650275735
REQUEST		Page 2	1662650275666	1662650275855	OK	 
REQUEST		Page 3	1662650275854	1662650276043	OK	 
REQUEST		Search	1662650275863	1662650276045	OK	 
USER	Users	END	1662650276056
REQUEST		Select	1662650276053	1662650276237	OK	 
REQUEST		Page 1	1662650276427	1662650276611	OK	 
REQUEST		Page 2	1662650276672	1662650276862	OK	 
REQUEST		Page 2	1662650276679	1662650276869	OK	 
REQUEST		Page 0	1662650276731	1662650276916	OK	 
USER	Users	END	1662650277046
REQUEST		Page 3	1662650276858	1662650277047	OK	 
REQUEST		Select	1662650277048	1662650277230	OK	 
REQUEST		Page 0	1662650277240	1662650277424	OK	 
REQUEST		Page 2	1662650277615	1662650277799	OK	 
USER	Users	END	1662650278050
REQUEST		Page 3	1662650277864	1662650278059	OK	 
REQUEST		Page 3	1662650277871	1662650278104	OK	 
REQUEST		Page 1	1662650277919	1662650278104	OK	 
REQUEST		Page 0	1662650278232	1662650278416	OK	 
REQUEST		Page 1	1662650278427	1662650278611	OK	 
REQUEST		Page 3	1662650278802	1662650278985	OK	 
USER	Users	END	1662650279107
REQUEST		Form	1662650279061	1662650279250	OK	 
REQUEST		Page 2	1662650279107	1662650279291	OK	 
REQUEST		Page 1	1662650279418	1662650279601	OK	 
REQUEST		Page 2	1662650279613	1662650279796	OK	 
USER	Users	END	1662650279989
REQUEST		Post	1662650280253	1662650280443	OK	 
REQUEST		Page 3	1662650280294	1662650280478	OK	 
REQUEST		Post Redirect 1	1662650280444	1662650280633	KO	status.find.is(201), but actually found 200
REQUEST		Form	1662650280640	1662650280829	OK	 
REQUEST		Page 3	1662650280798	1662650280982	OK	 
REQUEST		Page 2	1662650280604	1662650281209	OK	 
USER	Users	END	1662650281481
USER	Users	END	1662650281986
REQUEST		Post	1662650281832	1662650282020	OK	 
REQUEST		Post Redirect 1	1662650282020	1662650282209	KO	status.find.is(201), but actually found 200
USER	Admins	END	1662650282212
REQUEST		Page 3	1662650282210	1662650282393	OK	 
USER	Users	END	1662650283396
