RUN	videogamedb.simulations.RampUsersLoadSimulation	rampusersloadsimulation	1663094344879	test	3.8.3
USER	Ramp Load Users Test	START	1663094350917
USER	Ramp Load Users Test	START	1663094350965
USER	Ramp Load Users Test	START	1663094351065
REQUEST		Get all games	1663094350911	1663094351074	OK	 
REQUEST		Get a specific game	1663094351091	1663094351137	OK	 
USER	Ramp Load Users Test	END	1663094351144
USER	Ramp Load Users Test	START	1663094351167
REQUEST		Get all games	1663094350964	1663094351168	OK	 
REQUEST		Get a specific game	1663094351169	1663094351222	OK	 
USER	Ramp Load Users Test	END	1663094351225
REQUEST		Get all games	1663094351064	1663094351228	OK	 
USER	Ramp Load Users Test	START	1663094351268
REQUEST		Get a specific game	1663094351229	1663094351276	OK	 
USER	Ramp Load Users Test	END	1663094351277
REQUEST		Get all games	1663094351165	1663094351328	OK	 
USER	Ramp Load Users Test	START	1663094351366
REQUEST		Get a specific game	1663094351328	1663094351376	OK	 
USER	Ramp Load Users Test	END	1663094351377
REQUEST		Get all games	1663094351266	1663094351412	OK	 
REQUEST		Get a specific game	1663094351412	1663094351459	OK	 
USER	Ramp Load Users Test	END	1663094351460
USER	Ramp Load Users Test	START	1663094351468
REQUEST		Get all games	1663094351366	1663094351517	OK	 
REQUEST		Get a specific game	1663094351518	1663094351564	OK	 
USER	Ramp Load Users Test	END	1663094351565
USER	Ramp Load Users Test	START	1663094351569
REQUEST		Get all games	1663094351466	1663094351612	OK	 
REQUEST		Get a specific game	1663094351613	1663094351658	OK	 
USER	Ramp Load Users Test	END	1663094351659
USER	Ramp Load Users Test	START	1663094351668
REQUEST		Get all games	1663094351566	1663094351712	OK	 
REQUEST		Get a specific game	1663094351714	1663094351759	OK	 
USER	Ramp Load Users Test	END	1663094351760
USER	Ramp Load Users Test	START	1663094351768
REQUEST		Get all games	1663094351667	1663094351848	OK	 
USER	Ramp Load Users Test	START	1663094351869
REQUEST		Get a specific game	1663094351849	1663094351894	OK	 
USER	Ramp Load Users Test	END	1663094351896
REQUEST		Get all games	1663094351768	1663094351914	OK	 
REQUEST		Get a specific game	1663094351914	1663094351962	OK	 
USER	Ramp Load Users Test	END	1663094351963
USER	Ramp Load Users Test	START	1663094351965
REQUEST		Get all games	1663094351868	1663094352027	OK	 
USER	Ramp Load Users Test	START	1663094352065
REQUEST		Get a specific game	1663094352027	1663094352074	OK	 
USER	Ramp Load Users Test	END	1663094352075
REQUEST		Get all games	1663094351963	1663094352109	OK	 
REQUEST		Get a specific game	1663094352110	1663094352155	OK	 
USER	Ramp Load Users Test	END	1663094352156
USER	Ramp Load Users Test	START	1663094352166
REQUEST		Get all games	1663094352064	1663094352213	OK	 
REQUEST		Get a specific game	1663094352214	1663094352266	OK	 
USER	Ramp Load Users Test	START	1663094352268
USER	Ramp Load Users Test	END	1663094352268
REQUEST		Get all games	1663094352165	1663094352318	OK	 
USER	Ramp Load Users Test	START	1663094352366
REQUEST		Get a specific game	1663094352319	1663094352370	OK	 
USER	Ramp Load Users Test	END	1663094352374
REQUEST		Get all games	1663094352266	1663094352423	OK	 
USER	Ramp Load Users Test	START	1663094352465
REQUEST		Get a specific game	1663094352424	1663094352474	OK	 
USER	Ramp Load Users Test	END	1663094352475
REQUEST		Get all games	1663094352365	1663094352513	OK	 
REQUEST		Get a specific game	1663094352513	1663094352561	OK	 
USER	Ramp Load Users Test	END	1663094352562
USER	Ramp Load Users Test	START	1663094352565
REQUEST		Get all games	1663094352464	1663094352612	OK	 
REQUEST		Get a specific game	1663094352613	1663094352658	OK	 
USER	Ramp Load Users Test	END	1663094352659
USER	Ramp Load Users Test	START	1663094352665
REQUEST		Get all games	1663094352565	1663094352706	OK	 
REQUEST		Get a specific game	1663094352706	1663094352753	OK	 
USER	Ramp Load Users Test	END	1663094352755
USER	Ramp Load Users Test	START	1663094352766
REQUEST		Get all games	1663094352665	1663094352808	OK	 
REQUEST		Get a specific game	1663094352808	1663094352855	OK	 
USER	Ramp Load Users Test	END	1663094352856
USER	Ramp Load Users Test	START	1663094352866
REQUEST		Get all games	1663094352765	1663094352901	OK	 
REQUEST		Get a specific game	1663094352902	1663094352947	OK	 
USER	Ramp Load Users Test	END	1663094352948
USER	Ramp Load Users Test	START	1663094352964
REQUEST		Get all games	1663094352865	1663094353042	OK	 
USER	Ramp Load Users Test	START	1663094353063
REQUEST		Get a specific game	1663094353042	1663094353091	OK	 
USER	Ramp Load Users Test	END	1663094353092
REQUEST		Get all games	1663094352963	1663094353137	OK	 
USER	Ramp Load Users Test	START	1663094353164
REQUEST		Get a specific game	1663094353137	1663094353186	OK	 
USER	Ramp Load Users Test	END	1663094353188
REQUEST		Get all games	1663094353063	1663094353206	OK	 
REQUEST		Get a specific game	1663094353207	1663094353253	OK	 
USER	Ramp Load Users Test	END	1663094353254
USER	Ramp Load Users Test	START	1663094353264
REQUEST		Get all games	1663094353163	1663094353301	OK	 
REQUEST		Get a specific game	1663094353302	1663094353345	OK	 
USER	Ramp Load Users Test	END	1663094353346
USER	Ramp Load Users Test	START	1663094353363
REQUEST		Get all games	1663094353263	1663094353410	OK	 
REQUEST		Get a specific game	1663094353411	1663094353459	OK	 
USER	Ramp Load Users Test	END	1663094353460
USER	Ramp Load Users Test	START	1663094353464
REQUEST		Get all games	1663094353363	1663094353500	OK	 
REQUEST		Get a specific game	1663094353500	1663094353558	OK	 
USER	Ramp Load Users Test	END	1663094353562
USER	Ramp Load Users Test	START	1663094353565
REQUEST		Get all games	1663094353464	1663094353609	OK	 
REQUEST		Get a specific game	1663094353610	1663094353661	OK	 
USER	Ramp Load Users Test	END	1663094353663
USER	Ramp Load Users Test	START	1663094353666
REQUEST		Get all games	1663094353564	1663094353707	OK	 
REQUEST		Get a specific game	1663094353708	1663094353758	OK	 
USER	Ramp Load Users Test	END	1663094353761
USER	Ramp Load Users Test	START	1663094353767
REQUEST		Get all games	1663094353665	1663094353819	OK	 
USER	Ramp Load Users Test	START	1663094353864
REQUEST		Get a specific game	1663094353820	1663094353867	OK	 
USER	Ramp Load Users Test	END	1663094353868
REQUEST		Get all games	1663094353767	1663094353910	OK	 
REQUEST		Get a specific game	1663094353911	1663094353954	OK	 
USER	Ramp Load Users Test	END	1663094353956
USER	Ramp Load Users Test	START	1663094353963
REQUEST		Get all games	1663094353864	1663094354004	OK	 
REQUEST		Get a specific game	1663094354004	1663094354049	OK	 
USER	Ramp Load Users Test	END	1663094354050
USER	Ramp Load Users Test	START	1663094354066
REQUEST		Get all games	1663094353963	1663094354098	OK	 
REQUEST		Get a specific game	1663094354099	1663094354144	OK	 
USER	Ramp Load Users Test	END	1663094354146
USER	Ramp Load Users Test	START	1663094354164
REQUEST		Get all games	1663094354065	1663094354203	OK	 
REQUEST		Get a specific game	1663094354204	1663094354250	OK	 
USER	Ramp Load Users Test	END	1663094354251
USER	Ramp Load Users Test	START	1663094354266
REQUEST		Get all games	1663094354164	1663094354313	OK	 
REQUEST		Get a specific game	1663094354314	1663094354364	OK	 
USER	Ramp Load Users Test	END	1663094354365
USER	Ramp Load Users Test	START	1663094354366
REQUEST		Get all games	1663094354265	1663094354408	OK	 
REQUEST		Get a specific game	1663094354409	1663094354456	OK	 
USER	Ramp Load Users Test	END	1663094354458
USER	Ramp Load Users Test	START	1663094354466
REQUEST		Get all games	1663094354364	1663094354502	OK	 
REQUEST		Get a specific game	1663094354503	1663094354548	OK	 
USER	Ramp Load Users Test	END	1663094354550
USER	Ramp Load Users Test	START	1663094354564
REQUEST		Get all games	1663094354465	1663094354607	OK	 
REQUEST		Get a specific game	1663094354608	1663094354655	OK	 
USER	Ramp Load Users Test	END	1663094354657
USER	Ramp Load Users Test	START	1663094354664
REQUEST		Get all games	1663094354563	1663094354711	OK	 
REQUEST		Get a specific game	1663094354712	1663094354760	OK	 
USER	Ramp Load Users Test	END	1663094354762
USER	Ramp Load Users Test	START	1663094354765
REQUEST		Get all games	1663094354664	1663094354810	OK	 
REQUEST		Get a specific game	1663094354812	1663094354860	OK	 
USER	Ramp Load Users Test	END	1663094354861
USER	Ramp Load Users Test	START	1663094354864
REQUEST		Get all games	1663094354764	1663094354913	OK	 
USER	Ramp Load Users Test	START	1663094354965
REQUEST		Get a specific game	1663094354914	1663094354965	OK	 
USER	Ramp Load Users Test	END	1663094354966
REQUEST		Get all games	1663094354864	1663094355015	OK	 
REQUEST		Get a specific game	1663094355016	1663094355063	OK	 
USER	Ramp Load Users Test	END	1663094355065
USER	Ramp Load Users Test	START	1663094355065
REQUEST		Get all games	1663094354964	1663094355111	OK	 
REQUEST		Get a specific game	1663094355112	1663094355159	OK	 
USER	Ramp Load Users Test	END	1663094355160
USER	Ramp Load Users Test	START	1663094355164
REQUEST		Get all games	1663094355064	1663094355204	OK	 
REQUEST		Get a specific game	1663094355204	1663094355258	OK	 
USER	Ramp Load Users Test	END	1663094355259
USER	Ramp Load Users Test	START	1663094355264
REQUEST		Get all games	1663094355164	1663094355304	OK	 
REQUEST		Get a specific game	1663094355305	1663094355349	OK	 
USER	Ramp Load Users Test	END	1663094355350
USER	Ramp Load Users Test	START	1663094355365
REQUEST		Get all games	1663094355264	1663094355400	OK	 
REQUEST		Get a specific game	1663094355401	1663094355445	OK	 
USER	Ramp Load Users Test	END	1663094355446
USER	Ramp Load Users Test	START	1663094355465
REQUEST		Get all games	1663094355365	1663094355509	OK	 
REQUEST		Get a specific game	1663094355510	1663094355556	OK	 
USER	Ramp Load Users Test	END	1663094355557
USER	Ramp Load Users Test	START	1663094355566
REQUEST		Get all games	1663094355465	1663094355608	OK	 
REQUEST		Get a specific game	1663094355608	1663094355654	OK	 
USER	Ramp Load Users Test	END	1663094355655
USER	Ramp Load Users Test	START	1663094355665
REQUEST		Get all games	1663094355565	1663094355709	OK	 
REQUEST		Get a specific game	1663094355710	1663094355759	OK	 
USER	Ramp Load Users Test	END	1663094355760
USER	Ramp Load Users Test	START	1663094355765
REQUEST		Get all games	1663094355665	1663094355804	OK	 
REQUEST		Get a specific game	1663094355804	1663094355849	OK	 
USER	Ramp Load Users Test	END	1663094355850
USER	Ramp Load Users Test	START	1663094355865
REQUEST		Get all games	1663094355764	1663094355908	OK	 
USER	Ramp Load Users Test	START	1663094355964
REQUEST		Get a specific game	1663094355908	1663094356009	OK	 
USER	Ramp Load Users Test	END	1663094356011
REQUEST		Get all games	1663094355864	1663094356015	OK	 
REQUEST		Get a specific game	1663094356016	1663094356060	OK	 
USER	Ramp Load Users Test	END	1663094356062
USER	Ramp Load Users Test	START	1663094356064
REQUEST		Get all games	1663094355963	1663094356109	OK	 
REQUEST		Get a specific game	1663094356110	1663094356157	OK	 
USER	Ramp Load Users Test	END	1663094356158
USER	Ramp Load Users Test	START	1663094356165
REQUEST		Get all games	1663094356063	1663094356202	OK	 
REQUEST		Get a specific game	1663094356202	1663094356250	OK	 
USER	Ramp Load Users Test	END	1663094356252
USER	Ramp Load Users Test	START	1663094356264
REQUEST		Get all games	1663094356164	1663094356311	OK	 
REQUEST		Get a specific game	1663094356312	1663094356361	OK	 
USER	Ramp Load Users Test	END	1663094356362
USER	Ramp Load Users Test	START	1663094356364
REQUEST		Get all games	1663094356264	1663094356409	OK	 
REQUEST		Get a specific game	1663094356410	1663094356464	OK	 
USER	Ramp Load Users Test	START	1663094356465
USER	Ramp Load Users Test	END	1663094356465
REQUEST		Get all games	1663094356364	1663094356509	OK	 
REQUEST		Get a specific game	1663094356510	1663094356554	OK	 
USER	Ramp Load Users Test	END	1663094356556
USER	Ramp Load Users Test	START	1663094356565
REQUEST		Get all games	1663094356464	1663094356615	OK	 
REQUEST		Get a specific game	1663094356615	1663094356662	OK	 
USER	Ramp Load Users Test	END	1663094356664
USER	Ramp Load Users Test	START	1663094356665
REQUEST		Get all games	1663094356564	1663094356714	OK	 
REQUEST		Get a specific game	1663094356715	1663094356761	OK	 
USER	Ramp Load Users Test	END	1663094356762
USER	Ramp Load Users Test	START	1663094356764
REQUEST		Get all games	1663094356664	1663094356813	OK	 
REQUEST		Get a specific game	1663094356814	1663094356860	OK	 
USER	Ramp Load Users Test	END	1663094356861
USER	Ramp Load Users Test	START	1663094356865
REQUEST		Get all games	1663094356764	1663094356899	OK	 
REQUEST		Get a specific game	1663094356900	1663094356944	OK	 
USER	Ramp Load Users Test	END	1663094356946
USER	Ramp Load Users Test	START	1663094356966
REQUEST		Get all games	1663094356864	1663094356998	OK	 
REQUEST		Get a specific game	1663094356999	1663094357043	OK	 
USER	Ramp Load Users Test	END	1663094357044
USER	Ramp Load Users Test	START	1663094357064
REQUEST		Get all games	1663094356965	1663094357101	OK	 
REQUEST		Get a specific game	1663094357102	1663094357146	OK	 
USER	Ramp Load Users Test	END	1663094357147
USER	Ramp Load Users Test	START	1663094357166
REQUEST		Get all games	1663094357064	1663094357197	OK	 
REQUEST		Get a specific game	1663094357198	1663094357244	OK	 
USER	Ramp Load Users Test	END	1663094357245
USER	Ramp Load Users Test	START	1663094357266
REQUEST		Get all games	1663094357165	1663094357303	OK	 
REQUEST		Get a specific game	1663094357304	1663094357350	OK	 
USER	Ramp Load Users Test	END	1663094357351
USER	Ramp Load Users Test	START	1663094357365
REQUEST		Get all games	1663094357266	1663094357399	OK	 
REQUEST		Get a specific game	1663094357400	1663094357443	OK	 
USER	Ramp Load Users Test	END	1663094357444
USER	Ramp Load Users Test	START	1663094357465
REQUEST		Get all games	1663094357364	1663094357498	OK	 
REQUEST		Get a specific game	1663094357499	1663094357542	OK	 
USER	Ramp Load Users Test	END	1663094357544
USER	Ramp Load Users Test	START	1663094357567
REQUEST		Get all games	1663094357465	1663094357598	OK	 
REQUEST		Get a specific game	1663094357598	1663094357642	OK	 
USER	Ramp Load Users Test	END	1663094357643
USER	Ramp Load Users Test	START	1663094357667
REQUEST		Get all games	1663094357566	1663094357702	OK	 
REQUEST		Get a specific game	1663094357702	1663094357746	OK	 
USER	Ramp Load Users Test	END	1663094357747
USER	Ramp Load Users Test	START	1663094357766
REQUEST		Get all games	1663094357666	1663094357828	OK	 
USER	Ramp Load Users Test	START	1663094357879
REQUEST		Get a specific game	1663094357829	1663094357879	OK	 
USER	Ramp Load Users Test	END	1663094357879
REQUEST		Get all games	1663094357766	1663094357910	OK	 
REQUEST		Get a specific game	1663094357911	1663094357961	OK	 
USER	Ramp Load Users Test	END	1663094357962
USER	Ramp Load Users Test	START	1663094357964
REQUEST		Get all games	1663094357864	1663094358014	OK	 
REQUEST		Get a specific game	1663094358015	1663094358058	OK	 
USER	Ramp Load Users Test	END	1663094358059
USER	Ramp Load Users Test	START	1663094358066
REQUEST		Get all games	1663094357963	1663094358099	OK	 
REQUEST		Get a specific game	1663094358099	1663094358144	OK	 
USER	Ramp Load Users Test	END	1663094358146
USER	Ramp Load Users Test	START	1663094358164
REQUEST		Get all games	1663094358065	1663094358209	OK	 
REQUEST		Get a specific game	1663094358209	1663094358255	OK	 
USER	Ramp Load Users Test	END	1663094358256
USER	Ramp Load Users Test	START	1663094358265
REQUEST		Get all games	1663094358164	1663094358345	OK	 
USER	Ramp Load Users Test	START	1663094358365
REQUEST		Get a specific game	1663094358346	1663094358393	OK	 
USER	Ramp Load Users Test	END	1663094358394
REQUEST		Get all games	1663094358264	1663094358437	OK	 
USER	Ramp Load Users Test	START	1663094358465
REQUEST		Get a specific game	1663094358437	1663094358481	OK	 
USER	Ramp Load Users Test	END	1663094358482
REQUEST		Get all games	1663094358364	1663094358516	OK	 
USER	Ramp Load Users Test	START	1663094358565
REQUEST		Get a specific game	1663094358517	1663094358566	OK	 
USER	Ramp Load Users Test	END	1663094358567
REQUEST		Get all games	1663094358464	1663094358607	OK	 
REQUEST		Get a specific game	1663094358608	1663094358657	OK	 
USER	Ramp Load Users Test	END	1663094358658
USER	Ramp Load Users Test	START	1663094358665
REQUEST		Get all games	1663094358565	1663094358703	OK	 
REQUEST		Get a specific game	1663094358704	1663094358748	OK	 
USER	Ramp Load Users Test	END	1663094358750
USER	Ramp Load Users Test	START	1663094358766
REQUEST		Get all games	1663094358665	1663094358801	OK	 
REQUEST		Get a specific game	1663094358802	1663094358847	OK	 
USER	Ramp Load Users Test	END	1663094358849
USER	Ramp Load Users Test	START	1663094358864
REQUEST		Get all games	1663094358765	1663094358899	OK	 
REQUEST		Get a specific game	1663094358899	1663094358943	OK	 
USER	Ramp Load Users Test	END	1663094358945
USER	Ramp Load Users Test	START	1663094358965
REQUEST		Get all games	1663094358864	1663094359007	OK	 
USER	Ramp Load Users Test	START	1663094359064
REQUEST		Get a specific game	1663094359008	1663094359092	OK	 
USER	Ramp Load Users Test	END	1663094359094
REQUEST		Get all games	1663094358964	1663094359100	OK	 
REQUEST		Get a specific game	1663094359100	1663094359145	OK	 
USER	Ramp Load Users Test	END	1663094359146
USER	Ramp Load Users Test	START	1663094359164
REQUEST		Get all games	1663094359064	1663094359200	OK	 
REQUEST		Get a specific game	1663094359201	1663094359246	OK	 
USER	Ramp Load Users Test	END	1663094359247
USER	Ramp Load Users Test	START	1663094359263
REQUEST		Get all games	1663094359164	1663094359307	OK	 
REQUEST		Get a specific game	1663094359308	1663094359354	OK	 
USER	Ramp Load Users Test	END	1663094359355
USER	Ramp Load Users Test	START	1663094359364
REQUEST		Get all games	1663094359263	1663094359399	OK	 
REQUEST		Get a specific game	1663094359399	1663094359443	OK	 
USER	Ramp Load Users Test	END	1663094359444
USER	Ramp Load Users Test	START	1663094359464
REQUEST		Get all games	1663094359363	1663094359498	OK	 
REQUEST		Get a specific game	1663094359499	1663094359542	OK	 
USER	Ramp Load Users Test	END	1663094359543
USER	Ramp Load Users Test	START	1663094359564
REQUEST		Get all games	1663094359464	1663094359606	OK	 
REQUEST		Get a specific game	1663094359607	1663094359654	OK	 
USER	Ramp Load Users Test	END	1663094359655
USER	Ramp Load Users Test	START	1663094359664
REQUEST		Get all games	1663094359563	1663094359705	OK	 
REQUEST		Get a specific game	1663094359706	1663094359753	OK	 
USER	Ramp Load Users Test	END	1663094359755
USER	Ramp Load Users Test	START	1663094359764
REQUEST		Get all games	1663094359664	1663094359806	OK	 
REQUEST		Get a specific game	1663094359806	1663094359853	OK	 
USER	Ramp Load Users Test	END	1663094359855
USER	Ramp Load Users Test	START	1663094359865
REQUEST		Get all games	1663094359763	1663094359909	OK	 
REQUEST		Get a specific game	1663094359910	1663094359958	OK	 
USER	Ramp Load Users Test	END	1663094359959
USER	Ramp Load Users Test	START	1663094359963
REQUEST		Get all games	1663094359864	1663094360009	OK	 
USER	Ramp Load Users Test	START	1663094360064
REQUEST		Get a specific game	1663094360010	1663094360064	OK	 
USER	Ramp Load Users Test	END	1663094360065
REQUEST		Get all games	1663094359962	1663094360114	OK	 
REQUEST		Get a specific game	1663094360114	1663094360160	OK	 
USER	Ramp Load Users Test	END	1663094360162
USER	Ramp Load Users Test	START	1663094360163
REQUEST		Get all games	1663094360063	1663094360209	OK	 
REQUEST		Get a specific game	1663094360210	1663094360262	OK	 
USER	Ramp Load Users Test	END	1663094360263
USER	Ramp Load Users Test	START	1663094360264
REQUEST		Get all games	1663094360162	1663094360297	OK	 
REQUEST		Get a specific game	1663094360297	1663094360340	OK	 
USER	Ramp Load Users Test	END	1663094360341
USER	Ramp Load Users Test	START	1663094360364
REQUEST		Get all games	1663094360263	1663094360399	OK	 
REQUEST		Get a specific game	1663094360399	1663094360443	OK	 
USER	Ramp Load Users Test	END	1663094360445
USER	Ramp Load Users Test	START	1663094360464
REQUEST		Get all games	1663094360363	1663094360502	OK	 
REQUEST		Get a specific game	1663094360503	1663094360546	OK	 
USER	Ramp Load Users Test	END	1663094360548
USER	Ramp Load Users Test	START	1663094360565
REQUEST		Get all games	1663094360463	1663094360601	OK	 
REQUEST		Get a specific game	1663094360602	1663094360653	OK	 
USER	Ramp Load Users Test	END	1663094360654
USER	Ramp Load Users Test	START	1663094360664
REQUEST		Get all games	1663094360564	1663094360708	OK	 
REQUEST		Get a specific game	1663094360709	1663094360753	OK	 
USER	Ramp Load Users Test	END	1663094360754
USER	Ramp Load Users Test	START	1663094360764
REQUEST		Get all games	1663094360664	1663094360816	OK	 
REQUEST		Get a specific game	1663094360817	1663094360863	OK	 
USER	Ramp Load Users Test	END	1663094360864
USER	Ramp Load Users Test	START	1663094360865
REQUEST		Get all games	1663094360764	1663094360908	OK	 
REQUEST		Get a specific game	1663094360909	1663094360956	OK	 
USER	Ramp Load Users Test	END	1663094360956
REQUEST		Get all games	1663094360865	1663094361040	OK	 
REQUEST		Get a specific game	1663094361041	1663094361085	OK	 
USER	Ramp Load Users Test	END	1663094361086
USER	Ramp Load Users Test	START	1663094361866
REQUEST		Get all games	1663094361865	1663094362014	OK	 
REQUEST		Get a specific game	1663094362015	1663094362061	OK	 
USER	Ramp Load Users Test	END	1663094362062
USER	Ramp Load Users Test	START	1663094362866
REQUEST		Get all games	1663094362865	1663094363033	OK	 
REQUEST		Get a specific game	1663094363034	1663094363081	OK	 
USER	Ramp Load Users Test	END	1663094363083
USER	Ramp Load Users Test	START	1663094363864
REQUEST		Get all games	1663094363863	1663094364012	OK	 
REQUEST		Get a specific game	1663094364013	1663094364061	OK	 
USER	Ramp Load Users Test	END	1663094364062
USER	Ramp Load Users Test	START	1663094364364
REQUEST		Get all games	1663094364363	1663094364502	OK	 
REQUEST		Get a specific game	1663094364503	1663094364546	OK	 
USER	Ramp Load Users Test	END	1663094364547
USER	Ramp Load Users Test	START	1663094364864
REQUEST		Get all games	1663094364864	1663094365014	OK	 
REQUEST		Get a specific game	1663094365014	1663094365062	OK	 
USER	Ramp Load Users Test	END	1663094365063
USER	Ramp Load Users Test	START	1663094365364
REQUEST		Get all games	1663094365364	1663094365510	OK	 
REQUEST		Get a specific game	1663094365510	1663094365556	OK	 
USER	Ramp Load Users Test	END	1663094365556
USER	Ramp Load Users Test	START	1663094365865
REQUEST		Get all games	1663094365864	1663094366025	OK	 
REQUEST		Get a specific game	1663094366025	1663094366072	OK	 
USER	Ramp Load Users Test	END	1663094366073
USER	Ramp Load Users Test	START	1663094366364
REQUEST		Get all games	1663094366364	1663094366503	OK	 
REQUEST		Get a specific game	1663094366504	1663094366550	OK	 
USER	Ramp Load Users Test	END	1663094366551
USER	Ramp Load Users Test	START	1663094366864
REQUEST		Get all games	1663094366864	1663094367015	OK	 
REQUEST		Get a specific game	1663094367015	1663094367058	OK	 
USER	Ramp Load Users Test	END	1663094367059
USER	Ramp Load Users Test	START	1663094367365
REQUEST		Get all games	1663094367364	1663094367502	OK	 
REQUEST		Get a specific game	1663094367503	1663094367547	OK	 
USER	Ramp Load Users Test	END	1663094367548
USER	Ramp Load Users Test	START	1663094367865
REQUEST		Get all games	1663094367864	1663094368047	OK	 
REQUEST		Get a specific game	1663094368047	1663094368095	OK	 
USER	Ramp Load Users Test	END	1663094368096
USER	Ramp Load Users Test	START	1663094368198
REQUEST		Get all games	1663094368197	1663094368335	OK	 
REQUEST		Get a specific game	1663094368335	1663094368382	OK	 
USER	Ramp Load Users Test	END	1663094368383
USER	Ramp Load Users Test	START	1663094368533
REQUEST		Get all games	1663094368531	1663094368671	OK	 
REQUEST		Get a specific game	1663094368671	1663094368716	OK	 
USER	Ramp Load Users Test	END	1663094368717
USER	Ramp Load Users Test	START	1663094368865
REQUEST		Get all games	1663094368864	1663094369026	OK	 
REQUEST		Get a specific game	1663094369027	1663094369070	OK	 
USER	Ramp Load Users Test	END	1663094369071
USER	Ramp Load Users Test	START	1663094369197
REQUEST		Get all games	1663094369196	1663094369340	OK	 
REQUEST		Get a specific game	1663094369340	1663094369386	OK	 
USER	Ramp Load Users Test	END	1663094369387
USER	Ramp Load Users Test	START	1663094369532
REQUEST		Get all games	1663094369531	1663094369678	OK	 
REQUEST		Get a specific game	1663094369678	1663094369728	OK	 
USER	Ramp Load Users Test	END	1663094369729
USER	Ramp Load Users Test	START	1663094369866
REQUEST		Get all games	1663094369866	1663094370022	OK	 
REQUEST		Get a specific game	1663094370022	1663094370069	OK	 
USER	Ramp Load Users Test	END	1663094370070
USER	Ramp Load Users Test	START	1663094370197
REQUEST		Get all games	1663094370197	1663094370334	OK	 
REQUEST		Get a specific game	1663094370335	1663094370382	OK	 
USER	Ramp Load Users Test	END	1663094370383
USER	Ramp Load Users Test	START	1663094370531
REQUEST		Get all games	1663094370530	1663094370666	OK	 
REQUEST		Get a specific game	1663094370667	1663094370710	OK	 
USER	Ramp Load Users Test	END	1663094370711
USER	Ramp Load Users Test	START	1663094370865
REQUEST		Get all games	1663094370864	1663094371025	OK	 
REQUEST		Get a specific game	1663094371026	1663094371072	OK	 
USER	Ramp Load Users Test	END	1663094371073
USER	Ramp Load Users Test	START	1663094371197
REQUEST		Get all games	1663094371196	1663094371341	OK	 
REQUEST		Get a specific game	1663094371342	1663094371389	OK	 
USER	Ramp Load Users Test	END	1663094371390
USER	Ramp Load Users Test	START	1663094371533
REQUEST		Get all games	1663094371531	1663094371677	OK	 
REQUEST		Get a specific game	1663094371677	1663094371747	OK	 
USER	Ramp Load Users Test	END	1663094371749
USER	Ramp Load Users Test	START	1663094371865
REQUEST		Get all games	1663094371864	1663094371996	OK	 
REQUEST		Get a specific game	1663094371997	1663094372040	OK	 
USER	Ramp Load Users Test	END	1663094372041
USER	Ramp Load Users Test	START	1663094372197
REQUEST		Get all games	1663094372197	1663094372332	OK	 
REQUEST		Get a specific game	1663094372333	1663094372377	OK	 
USER	Ramp Load Users Test	END	1663094372379
USER	Ramp Load Users Test	START	1663094372533
REQUEST		Get all games	1663094372531	1663094372677	OK	 
REQUEST		Get a specific game	1663094372678	1663094372724	OK	 
USER	Ramp Load Users Test	END	1663094372725
USER	Ramp Load Users Test	START	1663094372865
REQUEST		Get all games	1663094372864	1663094373013	OK	 
REQUEST		Get a specific game	1663094373014	1663094373059	OK	 
USER	Ramp Load Users Test	END	1663094373060
USER	Ramp Load Users Test	START	1663094373198
REQUEST		Get all games	1663094373197	1663094373348	OK	 
REQUEST		Get a specific game	1663094373349	1663094373490	OK	 
USER	Ramp Load Users Test	END	1663094373492
USER	Ramp Load Users Test	START	1663094373531
REQUEST		Get all games	1663094373530	1663094373680	OK	 
REQUEST		Get a specific game	1663094373681	1663094373731	OK	 
USER	Ramp Load Users Test	END	1663094373733
USER	Ramp Load Users Test	START	1663094373865
REQUEST		Get all games	1663094373865	1663094374008	OK	 
REQUEST		Get a specific game	1663094374009	1663094374056	OK	 
USER	Ramp Load Users Test	END	1663094374057
USER	Ramp Load Users Test	START	1663094374114
REQUEST		Get all games	1663094374114	1663094374252	OK	 
REQUEST		Get a specific game	1663094374252	1663094374336	OK	 
USER	Ramp Load Users Test	END	1663094374337
USER	Ramp Load Users Test	START	1663094374366
REQUEST		Get all games	1663094374365	1663094374505	OK	 
REQUEST		Get a specific game	1663094374505	1663094374550	OK	 
USER	Ramp Load Users Test	END	1663094374552
USER	Ramp Load Users Test	START	1663094374615
REQUEST		Get all games	1663094374614	1663094374758	OK	 
REQUEST		Get a specific game	1663094374758	1663094374803	OK	 
USER	Ramp Load Users Test	END	1663094374804
USER	Ramp Load Users Test	START	1663094374865
REQUEST		Get all games	1663094374865	1663094375014	OK	 
REQUEST		Get a specific game	1663094375014	1663094375061	OK	 
USER	Ramp Load Users Test	END	1663094375062
USER	Ramp Load Users Test	START	1663094375115
REQUEST		Get all games	1663094375114	1663094375269	OK	 
REQUEST		Get a specific game	1663094375269	1663094375316	OK	 
USER	Ramp Load Users Test	END	1663094375317
USER	Ramp Load Users Test	START	1663094375365
REQUEST		Get all games	1663094375364	1663094375514	OK	 
REQUEST		Get a specific game	1663094375515	1663094375562	OK	 
USER	Ramp Load Users Test	END	1663094375563
USER	Ramp Load Users Test	START	1663094375615
REQUEST		Get all games	1663094375615	1663094375788	OK	 
REQUEST		Get a specific game	1663094375788	1663094375836	OK	 
USER	Ramp Load Users Test	END	1663094375837
USER	Ramp Load Users Test	START	1663094375867
REQUEST		Get all games	1663094375865	1663094376002	OK	 
REQUEST		Get a specific game	1663094376003	1663094376046	OK	 
USER	Ramp Load Users Test	END	1663094376047
USER	Ramp Load Users Test	START	1663094376115
REQUEST		Get all games	1663094376114	1663094376262	OK	 
REQUEST		Get a specific game	1663094376262	1663094376309	OK	 
USER	Ramp Load Users Test	END	1663094376310
USER	Ramp Load Users Test	START	1663094376364
REQUEST		Get all games	1663094376363	1663094376517	OK	 
REQUEST		Get a specific game	1663094376518	1663094376565	OK	 
USER	Ramp Load Users Test	END	1663094376566
USER	Ramp Load Users Test	START	1663094376615
REQUEST		Get all games	1663094376614	1663094376761	OK	 
REQUEST		Get a specific game	1663094376762	1663094376809	OK	 
USER	Ramp Load Users Test	END	1663094376810
USER	Ramp Load Users Test	START	1663094376865
REQUEST		Get all games	1663094376864	1663094377006	OK	 
REQUEST		Get a specific game	1663094377007	1663094377060	OK	 
USER	Ramp Load Users Test	END	1663094377062
USER	Ramp Load Users Test	START	1663094377114
REQUEST		Get all games	1663094377113	1663094377264	OK	 
REQUEST		Get a specific game	1663094377265	1663094377313	OK	 
USER	Ramp Load Users Test	END	1663094377314
USER	Ramp Load Users Test	START	1663094377364
REQUEST		Get all games	1663094377363	1663094377500	OK	 
REQUEST		Get a specific game	1663094377500	1663094377545	OK	 
USER	Ramp Load Users Test	END	1663094377546
USER	Ramp Load Users Test	START	1663094377615
REQUEST		Get all games	1663094377614	1663094377767	OK	 
REQUEST		Get a specific game	1663094377767	1663094377816	OK	 
USER	Ramp Load Users Test	END	1663094377817
USER	Ramp Load Users Test	START	1663094377866
REQUEST		Get all games	1663094377865	1663094378013	OK	 
REQUEST		Get a specific game	1663094378014	1663094378061	OK	 
USER	Ramp Load Users Test	END	1663094378062
USER	Ramp Load Users Test	START	1663094378064
REQUEST		Get all games	1663094378064	1663094378200	OK	 
REQUEST		Get a specific game	1663094378201	1663094378244	OK	 
USER	Ramp Load Users Test	END	1663094378245
USER	Ramp Load Users Test	START	1663094378266
REQUEST		Get all games	1663094378265	1663094378401	OK	 
REQUEST		Get a specific game	1663094378402	1663094378450	OK	 
USER	Ramp Load Users Test	END	1663094378451
USER	Ramp Load Users Test	START	1663094378465
REQUEST		Get all games	1663094378464	1663094378611	OK	 
REQUEST		Get a specific game	1663094378611	1663094378658	OK	 
USER	Ramp Load Users Test	END	1663094378659
USER	Ramp Load Users Test	START	1663094378666
REQUEST		Get all games	1663094378665	1663094378802	OK	 
REQUEST		Get a specific game	1663094378803	1663094378846	OK	 
USER	Ramp Load Users Test	END	1663094378847
USER	Ramp Load Users Test	START	1663094378865
REQUEST		Get all games	1663094378864	1663094379001	OK	 
USER	Ramp Load Users Test	START	1663094379065
REQUEST		Get a specific game	1663094379002	1663094379069	OK	 
USER	Ramp Load Users Test	END	1663094379070
REQUEST		Get all games	1663094379064	1663094379209	OK	 
USER	Ramp Load Users Test	START	1663094379264
REQUEST		Get a specific game	1663094379210	1663094379272	OK	 
USER	Ramp Load Users Test	END	1663094379273
REQUEST		Get all games	1663094379263	1663094379417	OK	 
USER	Ramp Load Users Test	START	1663094379464
REQUEST		Get a specific game	1663094379418	1663094379464	OK	 
USER	Ramp Load Users Test	END	1663094379466
REQUEST		Get all games	1663094379463	1663094379624	OK	 
USER	Ramp Load Users Test	START	1663094379665
REQUEST		Get a specific game	1663094379625	1663094379672	OK	 
USER	Ramp Load Users Test	END	1663094379673
REQUEST		Get all games	1663094379665	1663094379823	OK	 
USER	Ramp Load Users Test	START	1663094379866
REQUEST		Get a specific game	1663094379824	1663094379873	OK	 
USER	Ramp Load Users Test	END	1663094379874
REQUEST		Get all games	1663094379865	1663094380028	OK	 
USER	Ramp Load Users Test	START	1663094380065
REQUEST		Get a specific game	1663094380029	1663094380079	OK	 
USER	Ramp Load Users Test	END	1663094380080
REQUEST		Get all games	1663094380064	1663094380211	OK	 
REQUEST		Get a specific game	1663094380212	1663094380259	OK	 
USER	Ramp Load Users Test	END	1663094380259
USER	Ramp Load Users Test	START	1663094380265
REQUEST		Get all games	1663094380264	1663094380398	OK	 
REQUEST		Get a specific game	1663094380399	1663094380443	OK	 
USER	Ramp Load Users Test	END	1663094380444
USER	Ramp Load Users Test	START	1663094380465
REQUEST		Get all games	1663094380464	1663094380608	OK	 
REQUEST		Get a specific game	1663094380609	1663094380656	OK	 
USER	Ramp Load Users Test	END	1663094380657
USER	Ramp Load Users Test	START	1663094380666
REQUEST		Get all games	1663094380665	1663094380800	OK	 
REQUEST		Get a specific game	1663094380801	1663094380847	OK	 
USER	Ramp Load Users Test	END	1663094380848
